        -:    0:Source:dominion.c
        -:    0:Graph:dominion.gcno
        -:    0:Data:dominion.gcda
        -:    0:Runs:1
        -:    0:Programs:1
        -:    1:#include "dominion.h"
        -:    2:#include "dominion_helpers.h"
        -:    3:#include "rngs.h"
        -:    4:#include <stdio.h>
        -:    5:#include <math.h>
        -:    6:#include <stdlib.h>
        -:    7:
       30:    8:int compare(const void* a, const void* b) {
       30:    9:  if (*(int*)a > *(int*)b)
    #####:   10:    return 1;
       30:   11:  if (*(int*)a < *(int*)b)
        8:   12:    return -1;
       22:   13:  return 0;
        -:   14:}
        -:   15:
    #####:   16:struct gameState* newGame() {
    #####:   17:  struct gameState* g = malloc(sizeof(struct gameState));
    #####:   18:  return g;
        -:   19:}
        -:   20:
    #####:   21:int* kingdomCards(int k1, int k2, int k3, int k4, int k5, int k6, int k7,
        -:   22:		  int k8, int k9, int k10) {
    #####:   23:  int* k = malloc(10 * sizeof(int));
    #####:   24:  k[0] = k1;
    #####:   25:  k[1] = k2;
    #####:   26:  k[2] = k3;
    #####:   27:  k[3] = k4;
    #####:   28:  k[4] = k5;
    #####:   29:  k[5] = k6;
    #####:   30:  k[6] = k7;
    #####:   31:  k[7] = k8;
    #####:   32:  k[8] = k9;
    #####:   33:  k[9] = k10;
    #####:   34:  return k;
        -:   35:}
        -:   36:
        1:   37:int initializeGame(int numPlayers, int kingdomCards[10], int randomSeed,
        -:   38:		   struct gameState *state) {
        -:   39:
        -:   40:  int i;
        -:   41:  int j;
        -:   42:  int it;			
        -:   43:  //set up random number generator
        1:   44:  SelectStream(1);
        1:   45:  PutSeed((long)randomSeed);
        -:   46:  
        -:   47:  //check number of players
        1:   48:  if (numPlayers > MAX_PLAYERS || numPlayers < 2)
        -:   49:    {
    #####:   50:      return -1;
        -:   51:    }
        -:   52:
        -:   53:  //set number of players
        1:   54:  state->numPlayers = numPlayers;
        -:   55:
        -:   56:  //check selected kingdom cards are different
       11:   57:  for (i = 0; i < 10; i++)
        -:   58:    {
      110:   59:      for (j = 0; j < 10; j++)
        -:   60:        {
      100:   61:	  if (j != i && kingdomCards[j] == kingdomCards[i])
        -:   62:	    {
    #####:   63:	      return -1;
        -:   64:	    }
        -:   65:        }
        -:   66:    }
        -:   67:
        -:   68:
        -:   69:  //initialize supply
        -:   70:  ///////////////////////////////
        -:   71:
        -:   72:  //set number of Curse cards
        1:   73:  if (numPlayers == 2)
        -:   74:    {
        1:   75:      state->supplyCount[curse] = 10;
        -:   76:    }
    #####:   77:  else if (numPlayers == 3)
        -:   78:    {
    #####:   79:      state->supplyCount[curse] = 20;
        -:   80:    }
        -:   81:  else
        -:   82:    {
    #####:   83:      state->supplyCount[curse] = 30;
        -:   84:    }
        -:   85:
        -:   86:  //set number of Victory cards
        1:   87:  if (numPlayers == 2)
        -:   88:    {
        1:   89:      state->supplyCount[estate] = 8;
        1:   90:      state->supplyCount[duchy] = 8;
        1:   91:      state->supplyCount[province] = 8;
        -:   92:    }
        -:   93:  else
        -:   94:    {
    #####:   95:      state->supplyCount[estate] = 12;
    #####:   96:      state->supplyCount[duchy] = 12;
    #####:   97:      state->supplyCount[province] = 12;
        -:   98:    }
        -:   99:
        -:  100:  //set number of Treasure cards
        1:  101:  state->supplyCount[copper] = 60 - (7 * numPlayers);
        1:  102:  state->supplyCount[silver] = 40;
        1:  103:  state->supplyCount[gold] = 30;
        -:  104:
        -:  105:  //set number of Kingdom cards
       21:  106:  for (i = adventurer; i <= treasure_map; i++)       	//loop all cards
        -:  107:    {
      165:  108:      for (j = 0; j < 10; j++)           		//loop chosen cards
        -:  109:	{
      155:  110:	  if (kingdomCards[j] == i)
        -:  111:	    {
        -:  112:	      //check if card is a 'Victory' Kingdom card
       10:  113:	      if (kingdomCards[j] == great_hall || kingdomCards[j] == gardens)
        -:  114:		{
        4:  115:		  if (numPlayers == 2){ 
        2:  116:		    state->supplyCount[i] = 8; 
        -:  117:		  }
    #####:  118:		  else{ state->supplyCount[i] = 12; }
        -:  119:		}
        -:  120:	      else
        -:  121:		{
        8:  122:		  state->supplyCount[i] = 10;
        -:  123:		}
       10:  124:	      break;
        -:  125:	    }
        -:  126:	  else    //card is not in the set choosen for the game
        -:  127:	    {
      145:  128:	      state->supplyCount[i] = -1;
        -:  129:	    }
        -:  130:	}
        -:  131:
        -:  132:    }
        -:  133:
        -:  134:  ////////////////////////
        -:  135:  //supply intilization complete
        -:  136:
        -:  137:  //set player decks
        3:  138:  for (i = 0; i < numPlayers; i++)
        -:  139:    {
        2:  140:      state->deckCount[i] = 0;
        8:  141:      for (j = 0; j < 3; j++)
        -:  142:	{
        6:  143:	  state->deck[i][j] = estate;
        6:  144:	  state->deckCount[i]++;
        -:  145:	}
       16:  146:      for (j = 3; j < 10; j++)
        -:  147:	{
       14:  148:	  state->deck[i][j] = copper;
       14:  149:	  state->deckCount[i]++;		
        -:  150:	}
        -:  151:    }
        -:  152:
        -:  153:  //shuffle player decks
        3:  154:  for (i = 0; i < numPlayers; i++)
        -:  155:    {
        2:  156:      if ( shuffle(i, state) < 0 )
        -:  157:	{
    #####:  158:	  return -1;
        -:  159:	}
        -:  160:    }
        -:  161:
        -:  162:  //draw player hands
        3:  163:  for (i = 0; i < numPlayers; i++)
        -:  164:    {  
        -:  165:      //initialize hand size to zero
        2:  166:      state->handCount[i] = 0;
        2:  167:      state->discardCount[i] = 0;
        -:  168:      //draw 5 cards
        -:  169:      // for (j = 0; j < 5; j++)
        -:  170:      //	{
        -:  171:      //	  drawCard(i, state);
        -:  172:      //	}
        -:  173:    }
        -:  174:  
        -:  175:  //set embargo tokens to 0 for all supply piles
       28:  176:  for (i = 0; i <= treasure_map; i++)
        -:  177:    {
       27:  178:      state->embargoTokens[i] = 0;
        -:  179:    }
        -:  180:
        -:  181:  //initialize first player's turn
        1:  182:  state->outpostPlayed = 0;
        1:  183:  state->phase = 0;
        1:  184:  state->numActions = 1;
        1:  185:  state->numBuys = 1;
        1:  186:  state->playedCardCount = 0;
        1:  187:  state->whoseTurn = 0;
        1:  188:  state->handCount[state->whoseTurn] = 0;
        -:  189:  //int it; move to top
        -:  190:
        -:  191:  //Moved draw cards to here, only drawing at the start of a turn
        6:  192:  for (it = 0; it < 5; it++){
        5:  193:    drawCard(state->whoseTurn, state);
        -:  194:  }
        -:  195:
        1:  196:  updateCoins(state->whoseTurn, state, 0);
        -:  197:
        1:  198:  return 0;
        -:  199:}
        -:  200:
        2:  201:int shuffle(int player, struct gameState *state) {
        -:  202: 
        -:  203:
        -:  204:  int newDeck[MAX_DECK];
        2:  205:  int newDeckPos = 0;
        -:  206:  int card;
        -:  207:  int i;
        -:  208:
        2:  209:  if (state->deckCount[player] < 1)
    #####:  210:    return -1;
        2:  211:  qsort ((void*)(state->deck[player]), state->deckCount[player], sizeof(int), compare); 
        -:  212:  /* SORT CARDS IN DECK TO ENSURE DETERMINISM! */
        -:  213:
       24:  214:  while (state->deckCount[player] > 0) {
       20:  215:    card = floor(Random() * state->deckCount[player]);
       20:  216:    newDeck[newDeckPos] = state->deck[player][card];
       20:  217:    newDeckPos++;
       70:  218:    for (i = card; i < state->deckCount[player]-1; i++) {
       50:  219:      state->deck[player][i] = state->deck[player][i+1];
        -:  220:    }
       20:  221:    state->deckCount[player]--;
        -:  222:  }
       22:  223:  for (i = 0; i < newDeckPos; i++) {
       20:  224:    state->deck[player][i] = newDeck[i];
       20:  225:    state->deckCount[player]++;
        -:  226:  }
        -:  227:
        2:  228:  return 0;
        -:  229:}
        -:  230:
    #####:  231:int playCard(int handPos, int choice1, int choice2, int choice3, struct gameState *state) 
        -:  232:{	
        -:  233:  int card;
    #####:  234:  int coin_bonus = 0; 		//tracks coins gain from actions
        -:  235:
        -:  236:  //check if it is the right phase
    #####:  237:  if (state->phase != 0)
        -:  238:    {
    #####:  239:      return -1;
        -:  240:    }
        -:  241:	
        -:  242:  //check if player has enough actions
    #####:  243:  if ( state->numActions < 1 )
        -:  244:    {
    #####:  245:      return -1;
        -:  246:    }
        -:  247:	
        -:  248:  //get card played
    #####:  249:  card = handCard(handPos, state);
        -:  250:	
        -:  251:  //check if selected card is an action
    #####:  252:  if ( card < adventurer || card > treasure_map )
        -:  253:    {
    #####:  254:      return -1;
        -:  255:    }
        -:  256:	
        -:  257:  //play card
    #####:  258:  if ( cardEffect(card, choice1, choice2, choice3, state, handPos, &coin_bonus) < 0 )
        -:  259:    {
    #####:  260:      return -1;
        -:  261:    }
        -:  262:	
        -:  263:  //reduce number of actions
    #####:  264:  state->numActions--;
        -:  265:
        -:  266:  //update coins (Treasure cards may be added with card draws)
    #####:  267:  updateCoins(state->whoseTurn, state, coin_bonus);
        -:  268:	
    #####:  269:  return 0;
        -:  270:}
        -:  271:
    #####:  272:int buyCard(int supplyPos, struct gameState *state) {
        -:  273:  int who;
        -:  274:  if (DEBUG){
        -:  275:    printf("Entering buyCard...\n");
        -:  276:  }
        -:  277:
        -:  278:  // I don't know what to do about the phase thing.
        -:  279:
    #####:  280:  who = state->whoseTurn;
        -:  281:
    #####:  282:  if (state->numBuys < 1){
        -:  283:    if (DEBUG)
        -:  284:      printf("You do not have any buys left\n");
    #####:  285:    return -1;
    #####:  286:  } else if (supplyCount(supplyPos, state) <1){
        -:  287:    if (DEBUG)
        -:  288:      printf("There are not any of that type of card left\n");
    #####:  289:    return -1;
    #####:  290:  } else if (state->coins < getCost(supplyPos)){
        -:  291:    if (DEBUG) 
        -:  292:      printf("You do not have enough money to buy that. You have %d coins.\n", state->coins);
    #####:  293:    return -1;
        -:  294:  } else {
    #####:  295:    state->phase=1;
        -:  296:    //state->supplyCount[supplyPos]--;
    #####:  297:    gainCard(supplyPos, state, 0, who); //card goes in discard, this might be wrong.. (2 means goes into hand, 0 goes into discard)
        -:  298:  
    #####:  299:    state->coins = (state->coins) - (getCost(supplyPos));
    #####:  300:    state->numBuys--;
        -:  301:    if (DEBUG)
        -:  302:      printf("You bought card number %d for %d coins. You now have %d buys and %d coins.\n", supplyPos, getCost(supplyPos), state->numBuys, state->coins);
        -:  303:  }
        -:  304:
        -:  305:  //state->discard[who][state->discardCount[who]] = supplyPos;
        -:  306:  //state->discardCount[who]++;
        -:  307:    
    #####:  308:  return 0;
        -:  309:}
        -:  310:
    #####:  311:int numHandCards(struct gameState *state) {
    #####:  312:  return state->handCount[ whoseTurn(state) ];
        -:  313:}
        -:  314:
    #####:  315:int handCard(int handPos, struct gameState *state) {
    #####:  316:  int currentPlayer = whoseTurn(state);
    #####:  317:  return state->hand[currentPlayer][handPos];
        -:  318:}
        -:  319:
    #####:  320:int supplyCount(int card, struct gameState *state) {
    #####:  321:  return state->supplyCount[card];
        -:  322:}
        -:  323:
    #####:  324:int fullDeckCount(int player, int card, struct gameState *state) {
        -:  325:  int i;
    #####:  326:  int count = 0;
        -:  327:
    #####:  328:  for (i = 0; i < state->deckCount[player]; i++)
        -:  329:    {
    #####:  330:      if (state->deck[player][i] == card) count++;
        -:  331:    }
        -:  332:
    #####:  333:  for (i = 0; i < state->handCount[player]; i++)
        -:  334:    {
    #####:  335:      if (state->hand[player][i] == card) count++;
        -:  336:    }
        -:  337:
    #####:  338:  for (i = 0; i < state->discardCount[player]; i++)
        -:  339:    {
    #####:  340:      if (state->discard[player][i] == card) count++;
        -:  341:    }
        -:  342:
    #####:  343:  return count;
        -:  344:}
        -:  345:
    #####:  346:int whoseTurn(struct gameState *state) {
    #####:  347:  return state->whoseTurn;
        -:  348:}
        -:  349:
    #####:  350:int endTurn(struct gameState *state) {
        -:  351:  int k;
        -:  352:  int i;
    #####:  353:  int currentPlayer = whoseTurn(state);
        -:  354:  
        -:  355:  //Discard hand
    #####:  356:  for (i = 0; i < state->handCount[currentPlayer]; i++){
    #####:  357:    state->discard[currentPlayer][state->discardCount[currentPlayer]++] = state->hand[currentPlayer][i];//Discard
    #####:  358:    state->hand[currentPlayer][i] = -1;//Set card to -1
        -:  359:  }
    #####:  360:  state->handCount[currentPlayer] = 0;//Reset hand count
        -:  361:    
        -:  362:  //Code for determining the player
    #####:  363:  if (currentPlayer < (state->numPlayers - 1)){ 
    #####:  364:    state->whoseTurn = currentPlayer + 1;//Still safe to increment
        -:  365:  }
        -:  366:  else{
    #####:  367:    state->whoseTurn = 0;//Max player has been reached, loop back around to player 1
        -:  368:  }
        -:  369:
    #####:  370:  state->outpostPlayed = 0;
    #####:  371:  state->phase = 0;
    #####:  372:  state->numActions = 1;
    #####:  373:  state->coins = 0;
    #####:  374:  state->numBuys = 1;
    #####:  375:  state->playedCardCount = 0;
    #####:  376:  state->handCount[state->whoseTurn] = 0;
        -:  377:
        -:  378:  //int k; move to top
        -:  379:  //Next player draws hand
    #####:  380:  for (k = 0; k < 5; k++){
    #####:  381:    drawCard(state->whoseTurn, state);//Draw a card
        -:  382:  }
        -:  383:
        -:  384:  //Update money
    #####:  385:  updateCoins(state->whoseTurn, state , 0);
        -:  386:
    #####:  387:  return 0;
        -:  388:}
        -:  389:
    #####:  390:int isGameOver(struct gameState *state) {
        -:  391:  int i;
        -:  392:  int j;
        -:  393:	
        -:  394:  //if stack of Province cards is empty, the game ends
    #####:  395:  if (state->supplyCount[province] == 0)
        -:  396:    {
    #####:  397:      return 1;
        -:  398:    }
        -:  399:
        -:  400:  //if three supply pile are at 0, the game ends
    #####:  401:  j = 0;
    #####:  402:  for (i = 0; i < 25; i++)
        -:  403:    {
    #####:  404:      if (state->supplyCount[i] == 0)
        -:  405:	{
    #####:  406:	  j++;
        -:  407:	}
        -:  408:    }
    #####:  409:  if ( j >= 3)
        -:  410:    {
    #####:  411:      return 1;
        -:  412:    }
        -:  413:
    #####:  414:  return 0;
        -:  415:}
        -:  416:
    #####:  417:int scoreFor (int player, struct gameState *state) {
        -:  418:
        -:  419:  int i;
    #####:  420:  int score = 0;
        -:  421:  //score from hand
    #####:  422:  for (i = 0; i < state->handCount[player]; i++)
        -:  423:    {
    #####:  424:      if (state->hand[player][i] == curse) { score = score - 1; };
    #####:  425:      if (state->hand[player][i] == estate) { score = score + 1; };
    #####:  426:      if (state->hand[player][i] == duchy) { score = score + 3; };
    #####:  427:      if (state->hand[player][i] == province) { score = score + 6; };
    #####:  428:      if (state->hand[player][i] == great_hall) { score = score + 1; };
    #####:  429:      if (state->hand[player][i] == gardens) { score = score + ( fullDeckCount(player, 0, state) / 10 ); };
        -:  430:    }
        -:  431:
        -:  432:  //score from discard
    #####:  433:  for (i = 0; i < state->discardCount[player]; i++)
        -:  434:    {
    #####:  435:      if (state->discard[player][i] == curse) { score = score - 1; };
    #####:  436:      if (state->discard[player][i] == estate) { score = score + 1; };
    #####:  437:      if (state->discard[player][i] == duchy) { score = score + 3; };
    #####:  438:      if (state->discard[player][i] == province) { score = score + 6; };
    #####:  439:      if (state->discard[player][i] == great_hall) { score = score + 1; };
    #####:  440:      if (state->discard[player][i] == gardens) { score = score + ( fullDeckCount(player, 0, state) / 10 ); };
        -:  441:    }
        -:  442:
        -:  443:  //score from deck
    #####:  444:  for (i = 0; i < state->discardCount[player]; i++)
        -:  445:    {
    #####:  446:      if (state->deck[player][i] == curse) { score = score - 1; };
    #####:  447:      if (state->deck[player][i] == estate) { score = score + 1; };
    #####:  448:      if (state->deck[player][i] == duchy) { score = score + 3; };
    #####:  449:      if (state->deck[player][i] == province) { score = score + 6; };
    #####:  450:      if (state->deck[player][i] == great_hall) { score = score + 1; };
    #####:  451:      if (state->deck[player][i] == gardens) { score = score + ( fullDeckCount(player, 0, state) / 10 ); };
        -:  452:    }
        -:  453:
    #####:  454:  return score;
        -:  455:}
        -:  456:
    #####:  457:int getWinners(int players[MAX_PLAYERS], struct gameState *state) {
        -:  458:  int i;	
        -:  459:  int j;
        -:  460:  int highScore;
        -:  461:  int currentPlayer;
        -:  462:
        -:  463:  //get score for each player
    #####:  464:  for (i = 0; i < MAX_PLAYERS; i++)
        -:  465:    {
        -:  466:      //set unused player scores to -9999
    #####:  467:      if (i >= state->numPlayers)
        -:  468:	{
    #####:  469:	  players[i] = -9999;
        -:  470:	}
        -:  471:      else
        -:  472:	{
    #####:  473:	  players[i] = scoreFor (i, state);
        -:  474:	}
        -:  475:    }
        -:  476:
        -:  477:  //find highest score
    #####:  478:  j = 0;
    #####:  479:  for (i = 0; i < MAX_PLAYERS; i++)
        -:  480:    {
    #####:  481:      if (players[i] > players[j])
        -:  482:	{
    #####:  483:	  j = i;
        -:  484:	}
        -:  485:    }
    #####:  486:  highScore = players[j];
        -:  487:
        -:  488:  //add 1 to players who had less turns
    #####:  489:  currentPlayer = whoseTurn(state);
    #####:  490:  for (i = 0; i < MAX_PLAYERS; i++)
        -:  491:    {
    #####:  492:      if ( players[i] == highScore && i > currentPlayer )
        -:  493:	{
    #####:  494:	  players[i]++;
        -:  495:	}
        -:  496:    }
        -:  497:
        -:  498:  //find new highest score
    #####:  499:  j = 0;
    #####:  500:  for (i = 0; i < MAX_PLAYERS; i++)
        -:  501:    {
    #####:  502:      if ( players[i] > players[j] )
        -:  503:	{
    #####:  504:	  j = i;
        -:  505:	}
        -:  506:    }
    #####:  507:  highScore = players[j];
        -:  508:
        -:  509:  //set winners in array to 1 and rest to 0
    #####:  510:  for (i = 0; i < MAX_PLAYERS; i++)
        -:  511:    {
    #####:  512:      if ( players[i] == highScore )
        -:  513:	{
    #####:  514:	  players[i] = 1;
        -:  515:	}
        -:  516:      else
        -:  517:	{
    #####:  518:	  players[i] = 0;
        -:  519:	}
        -:  520:    }
        -:  521:
    #####:  522:  return 0;
        -:  523:}
        -:  524:
        5:  525:int drawCard(int player, struct gameState *state)
        -:  526:{	int count;
        -:  527:  int deckCounter;
        5:  528:  if (state->deckCount[player] <= 0){//Deck is empty
        -:  529:    
        -:  530:    //Step 1 Shuffle the discard pile back into a deck
        -:  531:    int i;
        -:  532:    //Move discard to deck
    #####:  533:    for (i = 0; i < state->discardCount[player];i++){
    #####:  534:      state->deck[player][i] = state->discard[player][i];
    #####:  535:      state->discard[player][i] = -1;
        -:  536:    }
        -:  537:
    #####:  538:    state->deckCount[player] = state->discardCount[player];
    #####:  539:    state->discardCount[player] = 0;//Reset discard
        -:  540:
        -:  541:    //Shufffle the deck
    #####:  542:    shuffle(player, state);//Shuffle the deck up and make it so that we can draw
        -:  543:   
        -:  544:    if (DEBUG){//Debug statements
        -:  545:      printf("Deck count now: %d\n", state->deckCount[player]);
        -:  546:    }
        -:  547:    
    #####:  548:    state->discardCount[player] = 0;
        -:  549:
        -:  550:    //Step 2 Draw Card
    #####:  551:    count = state->handCount[player];//Get current player's hand count
        -:  552:    
        -:  553:    if (DEBUG){//Debug statements
        -:  554:      printf("Current hand count: %d\n", count);
        -:  555:    }
        -:  556:    
    #####:  557:    deckCounter = state->deckCount[player];//Create a holder for the deck count
        -:  558:
    #####:  559:    if (deckCounter == 0)
    #####:  560:      return -1;
        -:  561:
    #####:  562:    state->hand[player][count] = state->deck[player][deckCounter - 1];//Add card to hand
    #####:  563:    state->deckCount[player]--;
    #####:  564:    state->handCount[player]++;//Increment hand count
        -:  565:  }
        -:  566:
        -:  567:  else{
        5:  568:    int count = state->handCount[player];//Get current hand count for player
        -:  569:    int deckCounter;
        -:  570:    if (DEBUG){//Debug statements
        -:  571:      printf("Current hand count: %d\n", count);
        -:  572:    }
        -:  573:
        5:  574:    deckCounter = state->deckCount[player];//Create holder for the deck count
        5:  575:    state->hand[player][count] = state->deck[player][deckCounter - 1];//Add card to the hand
        5:  576:    state->deckCount[player]--;
        5:  577:    state->handCount[player]++;//Increment hand count
        -:  578:  }
        -:  579:
        5:  580:  return 0;
        -:  581:}
        -:  582:
    #####:  583:int getCost(int cardNumber)
        -:  584:{
    #####:  585:  switch( cardNumber ) 
        -:  586:    {
    #####:  587:    case curse:
    #####:  588:      return 0;
    #####:  589:    case estate:
    #####:  590:      return 2;
    #####:  591:    case duchy:
    #####:  592:      return 5;
    #####:  593:    case province:
    #####:  594:      return 8;
    #####:  595:    case copper:
    #####:  596:      return 0;
    #####:  597:    case silver:
    #####:  598:      return 3;
    #####:  599:    case gold:
    #####:  600:      return 6;
    #####:  601:    case adventurer:
    #####:  602:      return 6;
    #####:  603:    case council_room:
    #####:  604:      return 5;
    #####:  605:    case feast:
    #####:  606:      return 4;
    #####:  607:    case gardens:
    #####:  608:      return 4;
    #####:  609:    case mine:
    #####:  610:      return 5;
    #####:  611:    case remodel:
    #####:  612:      return 4;
    #####:  613:    case smithy:
    #####:  614:      return 4;
    #####:  615:    case village:
    #####:  616:      return 3;
    #####:  617:    case baron:
    #####:  618:      return 4;
    #####:  619:    case great_hall:
    #####:  620:      return 3;
    #####:  621:    case minion:
    #####:  622:      return 5;
    #####:  623:    case steward:
    #####:  624:      return 3;
    #####:  625:    case tribute:
    #####:  626:      return 5;
    #####:  627:    case ambassador:
    #####:  628:      return 3;
    #####:  629:    case cutpurse:
    #####:  630:      return 4;
    #####:  631:    case embargo: 
    #####:  632:      return 2;
    #####:  633:    case outpost:
    #####:  634:      return 5;
    #####:  635:    case salvager:
    #####:  636:      return 4;
    #####:  637:    case sea_hag:
    #####:  638:      return 4;
    #####:  639:    case treasure_map:
    #####:  640:      return 4;
        -:  641:    }
        -:  642:	
    #####:  643:  return -1;
        -:  644:}
        -:  645:
    #####:  646:int cardEffect(int card, int choice1, int choice2, int choice3, struct gameState *state, int handPos, int *bonus)
        -:  647:{
        -:  648:  int i;
        -:  649:  int j;
        -:  650:  int k;
        -:  651:  int x;
        -:  652:  int index;
    #####:  653:  int currentPlayer = whoseTurn(state);
    #####:  654:  int nextPlayer = currentPlayer + 1;
        -:  655:
    #####:  656:  int tributeRevealedCards[2] = {-1, -1};
        -:  657:  int temphand[MAX_HAND];// moved above the if statement
    #####:  658:  int drawntreasure=0;
        -:  659:  // int cardDrawn;
    #####:  660:  int z = 0;// this is the counter for the temp hand
    #####:  661:  if (nextPlayer > (state->numPlayers - 1)){
    #####:  662:    nextPlayer = 0;
        -:  663:  }
        -:  664:  
        -:  665:	
        -:  666:  //uses switch to select card and perform actions
    #####:  667:  switch( card ) 
        -:  668:    {
    #####:  669:    case adventurer:
    #####:  670:      AdventurerCard(state, drawntreasure, currentPlayer, temphand, z);
    #####:  671:      return 0;
        -:  672:			
    #####:  673:    case council_room:
    #####:  674:      Council_RoomCard(state, currentPlayer, handPos);
    #####:  675:      return 0;
        -:  676:			
    #####:  677:    case feast:
        -:  678:      //gain card with cost up to 5
        -:  679:      //Backup hand
    #####:  680:      for (i = 0; i <= state->handCount[currentPlayer]; i++){
    #####:  681:	temphand[i] = state->hand[currentPlayer][i];//Backup card
    #####:  682:	state->hand[currentPlayer][i] = -1;//Set to nothing
        -:  683:      }
        -:  684:      //Backup hand
        -:  685:
        -:  686:      //Update Coins for Buy
    #####:  687:      updateCoins(currentPlayer, state, 5);
    #####:  688:      x = 1;//Condition to loop on
    #####:  689:      while( x == 1) {//Buy one card
    #####:  690:	if (supplyCount(choice1, state) <= 0){
        -:  691:	  if (DEBUG)
        -:  692:	    printf("None of that card left, sorry!\n");
        -:  693:
        -:  694:	  if (DEBUG){
        -:  695:	    printf("Cards Left: %d\n", supplyCount(choice1, state));
        -:  696:	  }
        -:  697:	}
    #####:  698:	else if (state->coins < getCost(choice1)){
    #####:  699:	  printf("That card is too expensive!\n");
        -:  700:
        -:  701:	  if (DEBUG){
        -:  702:	    printf("Coins: %d < %d\n", state->coins, getCost(choice1));
        -:  703:	  }
        -:  704:	}
        -:  705:	else{
        -:  706:
        -:  707:	  if (DEBUG){
        -:  708:	    printf("Deck Count: %d\n", state->handCount[currentPlayer] + state->deckCount[currentPlayer] + state->discardCount[currentPlayer]);
        -:  709:	  }
        -:  710:
    #####:  711:	  gainCard(choice1, state, 0, currentPlayer);//Gain the card
    #####:  712:	  x = 0;//No more buying cards
        -:  713:
        -:  714:	  if (DEBUG){
        -:  715:	    printf("Deck Count: %d\n", state->handCount[currentPlayer] + state->deckCount[currentPlayer] + state->discardCount[currentPlayer]);
        -:  716:	  }
        -:  717:
        -:  718:	}
        -:  719:      }     
        -:  720:
        -:  721:      //Reset Hand
    #####:  722:      for (i = 0; i <= state->handCount[currentPlayer]; i++){
    #####:  723:	state->hand[currentPlayer][i] = temphand[i];
    #####:  724:	temphand[i] = -1;
        -:  725:      }
        -:  726:      //Reset Hand
        -:  727:      			
    #####:  728:      return 0;
        -:  729:			
    #####:  730:    case gardens:
    #####:  731:      return -1;
        -:  732:			
    #####:  733:    case mine:
    #####:  734:      j = state->hand[currentPlayer][choice1];  //store card we will trash
        -:  735:
    #####:  736:      if (state->hand[currentPlayer][choice1] < copper || state->hand[currentPlayer][choice1] > gold)
        -:  737:	{
    #####:  738:	  return -1;
        -:  739:	}
        -:  740:		
    #####:  741:      if (choice2 > treasure_map || choice2 < curse)
        -:  742:	{
    #####:  743:	  return -1;
        -:  744:	}
        -:  745:
    #####:  746:      if ( (getCost(state->hand[currentPlayer][choice1]) + 3) > getCost(choice2) )
        -:  747:	{
    #####:  748:	  return -1;
        -:  749:	}
        -:  750:
    #####:  751:      gainCard(choice2, state, 2, currentPlayer);
        -:  752:
        -:  753:      //discard card from hand
    #####:  754:      discardCard(handPos, currentPlayer, state, 0);
        -:  755:
        -:  756:      //discard trashed card
    #####:  757:      for (i = 0; i < state->handCount[currentPlayer]; i++)
        -:  758:	{
    #####:  759:	  if (state->hand[currentPlayer][i] == j)
        -:  760:	    {
    #####:  761:	      discardCard(i, currentPlayer, state, 0);			
    #####:  762:	      break;
        -:  763:	    }
        -:  764:	}
        -:  765:			
    #####:  766:      return 0;
        -:  767:			
    #####:  768:    case remodel:
    #####:  769:      j = state->hand[currentPlayer][choice1];  //store card we will trash
        -:  770:
    #####:  771:      if ( (getCost(state->hand[currentPlayer][choice1]) + 2) > getCost(choice2) )
        -:  772:	{
    #####:  773:	  return -1;
        -:  774:	}
        -:  775:
    #####:  776:      gainCard(choice2, state, 0, currentPlayer);
        -:  777:
        -:  778:      //discard card from hand
    #####:  779:      discardCard(handPos, currentPlayer, state, 0);
        -:  780:
        -:  781:      //discard trashed card
    #####:  782:      for (i = 0; i < state->handCount[currentPlayer]; i++)
        -:  783:	{
    #####:  784:	  if (state->hand[currentPlayer][i] == j)
        -:  785:	    {
    #####:  786:	      discardCard(i, currentPlayer, state, 0);			
    #####:  787:	      break;
        -:  788:	    }
        -:  789:	}
        -:  790:
        -:  791:
    #####:  792:      return 0;
        -:  793:		
    #####:  794:    case smithy:
        -:  795:      //smithy with bug
    #####:  796:      return SmithyCard(state, currentPlayer, handPos);
        -:  797:		
    #####:  798:    case village:
        -:  799:      //+1 Card
    #####:  800:      VillageCard(state, currentPlayer, handPos);
    #####:  801:      return 0;
        -:  802:		
    #####:  803:    case baron:
    #####:  804:      state->numBuys++;//Increase buys by 1!
    #####:  805:      if (choice1 > 0){//Boolean true or going to discard an estate
    #####:  806:	int p = 0;//Iterator for hand!
    #####:  807:	int card_not_discarded = 1;//Flag for discard set!
    #####:  808:	while(card_not_discarded){
    #####:  809:	  if (state->hand[currentPlayer][p] == estate){//Found an estate card!
    #####:  810:	    state->coins += 4;//Add 4 coins to the amount of coins
    #####:  811:	    state->discard[currentPlayer][state->discardCount[currentPlayer]] = state->hand[currentPlayer][p];
    #####:  812:	    state->discardCount[currentPlayer]++;
    #####:  813:	    for (;p < state->handCount[currentPlayer]; p++){
    #####:  814:	      state->hand[currentPlayer][p] = state->hand[currentPlayer][p+1];
        -:  815:	    }
    #####:  816:	    state->hand[currentPlayer][state->handCount[currentPlayer]] = -1;
    #####:  817:	    state->handCount[currentPlayer]--;
    #####:  818:	    card_not_discarded = 0;//Exit the loop
        -:  819:	  }
    #####:  820:	  else if (p > state->handCount[currentPlayer]){
        -:  821:	    if(DEBUG) {
        -:  822:	      printf("No estate cards in your hand, invalid choice\n");
        -:  823:	      printf("Must gain an estate if there are any\n");
        -:  824:	    }
    #####:  825:	    if (supplyCount(estate, state) > 0){
    #####:  826:	      gainCard(estate, state, 0, currentPlayer);
    #####:  827:	      state->supplyCount[estate]--;//Decrement estates
    #####:  828:	      if (supplyCount(estate, state) == 0){
    #####:  829:		isGameOver(state);
        -:  830:	      }
        -:  831:	    }
    #####:  832:	    card_not_discarded = 0;//Exit the loop
        -:  833:	  }
        -:  834:			    
        -:  835:	  else{
    #####:  836:	    p++;//Next card
        -:  837:	  }
        -:  838:	}
        -:  839:      }
        -:  840:			    
        -:  841:      else{
    #####:  842:	if (supplyCount(estate, state) > 0){
    #####:  843:	  gainCard(estate, state, 0, currentPlayer);//Gain an estate
    #####:  844:	  state->supplyCount[estate]--;//Decrement Estates
    #####:  845:	  if (supplyCount(estate, state) == 0){
    #####:  846:	    isGameOver(state);
        -:  847:	  }
        -:  848:	}
        -:  849:      }
        -:  850:	    
        -:  851:      
    #####:  852:      return 0;
        -:  853:		
    #####:  854:    case great_hall:
        -:  855:      //+1 Card
    #####:  856:      great_hallCard(state, currentPlayer, handPos);
    #####:  857:      return 0;
        -:  858:		
    #####:  859:    case minion:
        -:  860:      //+1 action
    #####:  861:      state->numActions++;
        -:  862:			
        -:  863:      //discard card from hand
    #####:  864:      discardCard(handPos, currentPlayer, state, 0);
        -:  865:			
    #####:  866:      if (choice1)		//+2 coins
        -:  867:	{
    #####:  868:	  state->coins = state->coins + 2;
        -:  869:	}
        -:  870:			
    #####:  871:      else if (choice2)		//discard hand, redraw 4, other players with 5+ cards discard hand and draw 4
        -:  872:	{
        -:  873:	  //discard hand
    #####:  874:	  while(numHandCards(state) > 0)
        -:  875:	    {
    #####:  876:	      discardCard(handPos, currentPlayer, state, 0);
        -:  877:	    }
        -:  878:				
        -:  879:	  //draw 4
    #####:  880:	  for (i = 0; i < 4; i++)
        -:  881:	    {
    #####:  882:	      drawCard(currentPlayer, state);
        -:  883:	    }
        -:  884:				
        -:  885:	  //other players discard hand and redraw if hand size > 4
    #####:  886:	  for (i = 0; i < state->numPlayers; i++)
        -:  887:	    {
    #####:  888:	      if (i != currentPlayer)
        -:  889:		{
    #####:  890:		  if ( state->handCount[i] > 4 )
        -:  891:		    {
        -:  892:		      //discard hand
    #####:  893:		      while( state->handCount[i] > 0 )
        -:  894:			{
    #####:  895:			  discardCard(handPos, i, state, 0);
        -:  896:			}
        -:  897:							
        -:  898:		      //draw 4
    #####:  899:		      for (j = 0; j < 4; j++)
        -:  900:			{
    #####:  901:			  drawCard(i, state);
        -:  902:			}
        -:  903:		    }
        -:  904:		}
        -:  905:	    }
        -:  906:				
        -:  907:	}
    #####:  908:      return 0;
        -:  909:		
    #####:  910:    case steward:
    #####:  911:      if (choice1 == 1)
        -:  912:	{
        -:  913:	  //+2 cards
    #####:  914:	  drawCard(currentPlayer, state);
    #####:  915:	  drawCard(currentPlayer, state);
        -:  916:	}
    #####:  917:      else if (choice1 == 2)
        -:  918:	{
        -:  919:	  //+2 coins
    #####:  920:	  state->coins = state->coins + 2;
        -:  921:	}
        -:  922:      else
        -:  923:	{
        -:  924:	  //trash 2 cards in hand
    #####:  925:	  discardCard(choice2, currentPlayer, state, 1);
    #####:  926:	  discardCard(choice3, currentPlayer, state, 1);
        -:  927:	}
        -:  928:			
        -:  929:      //discard card from hand
    #####:  930:      discardCard(handPos, currentPlayer, state, 0);
    #####:  931:      return 0;
        -:  932:		
    #####:  933:    case tribute:
    #####:  934:      if ((state->discardCount[nextPlayer] + state->deckCount[nextPlayer]) <= 1){
    #####:  935:	if (state->deckCount[nextPlayer] > 0){
    #####:  936:	  tributeRevealedCards[0] = state->deck[nextPlayer][state->deckCount[nextPlayer]-1];
    #####:  937:	  state->deckCount[nextPlayer]--;
        -:  938:	}
    #####:  939:	else if (state->discardCount[nextPlayer] > 0){
    #####:  940:	  tributeRevealedCards[0] = state->discard[nextPlayer][state->discardCount[nextPlayer]-1];
    #####:  941:	  state->discardCount[nextPlayer]--;
        -:  942:	}
        -:  943:	else{
        -:  944:	  //No Card to Reveal
        -:  945:	  if (DEBUG){
        -:  946:	    printf("No cards to reveal\n");
        -:  947:	  }
        -:  948:	}
        -:  949:      }
        -:  950:	    
        -:  951:      else{
    #####:  952:	if (state->deckCount[nextPlayer] == 0){
    #####:  953:	  for (i = 0; i < state->discardCount[nextPlayer]; i++){
    #####:  954:	    state->deck[nextPlayer][i] = state->discard[nextPlayer][i];//Move to deck
    #####:  955:	    state->deckCount[nextPlayer]++;
    #####:  956:	    state->discard[nextPlayer][i] = -1;
    #####:  957:	    state->discardCount[nextPlayer]--;
        -:  958:	  }
        -:  959:			    
    #####:  960:	  shuffle(nextPlayer,state);//Shuffle the deck
        -:  961:	} 
    #####:  962:	tributeRevealedCards[0] = state->deck[nextPlayer][state->deckCount[nextPlayer]-1];
    #####:  963:	state->deck[nextPlayer][state->deckCount[nextPlayer]--] = -1;
    #####:  964:	state->deckCount[nextPlayer]--;
    #####:  965:	tributeRevealedCards[1] = state->deck[nextPlayer][state->deckCount[nextPlayer]-1];
    #####:  966:	state->deck[nextPlayer][state->deckCount[nextPlayer]--] = -1;
    #####:  967:	state->deckCount[nextPlayer]--;
        -:  968:      }    
        -:  969:		       
    #####:  970:      if (tributeRevealedCards[0] == tributeRevealedCards[1]){//If we have a duplicate card, just drop one 
    #####:  971:	state->playedCards[state->playedCardCount] = tributeRevealedCards[1];
    #####:  972:	state->playedCardCount++;
    #####:  973:	tributeRevealedCards[1] = -1;
        -:  974:      }
        -:  975:
    #####:  976:      for (i = 0; i <= 2; i ++){
    #####:  977:	if (tributeRevealedCards[i] == copper || tributeRevealedCards[i] == silver || tributeRevealedCards[i] == gold){//Treasure cards
    #####:  978:	  state->coins += 2;
        -:  979:	}
        -:  980:		    
    #####:  981:	else if (tributeRevealedCards[i] == estate || tributeRevealedCards[i] == duchy || tributeRevealedCards[i] == province || tributeRevealedCards[i] == gardens || tributeRevealedCards[i] == great_hall){//Victory Card Found
    #####:  982:	  drawCard(currentPlayer, state);
    #####:  983:	  drawCard(currentPlayer, state);
        -:  984:	}
        -:  985:	else{//Action Card
    #####:  986:	  state->numActions = state->numActions + 2;
        -:  987:	}
        -:  988:      }
        -:  989:	    
    #####:  990:      return 0;
        -:  991:		
    #####:  992:    case ambassador:
    #####:  993:      j = 0;		//used to check if player has enough cards to discard
        -:  994:
    #####:  995:      if (choice2 > 2 || choice2 < 0)
        -:  996:	{
    #####:  997:	  return -1;				
        -:  998:	}
        -:  999:
    #####: 1000:      if (choice1 == handPos)
        -: 1001:	{
    #####: 1002:	  return -1;
        -: 1003:	}
        -: 1004:
    #####: 1005:      for (i = 0; i < state->handCount[currentPlayer]; i++)
        -: 1006:	{
    #####: 1007:	  if (i != handPos && i == state->hand[currentPlayer][choice1] && i != choice1)
        -: 1008:	    {
    #####: 1009:	      j++;
        -: 1010:	    }
        -: 1011:	}
    #####: 1012:      if (j < choice2)
        -: 1013:	{
    #####: 1014:	  return -1;				
        -: 1015:	}
        -: 1016:
        -: 1017:      if (DEBUG) 
        -: 1018:	printf("Player %d reveals card number: %d\n", currentPlayer, state->hand[currentPlayer][choice1]);
        -: 1019:
        -: 1020:      //increase supply count for choosen card by amount being discarded
    #####: 1021:      state->supplyCount[state->hand[currentPlayer][choice1]] += choice2;
        -: 1022:			
        -: 1023:      //each other player gains a copy of revealed card
    #####: 1024:      for (i = 0; i < state->numPlayers; i++)
        -: 1025:	{
    #####: 1026:	  if (i != currentPlayer)
        -: 1027:	    {
    #####: 1028:	      gainCard(state->hand[currentPlayer][choice1], state, 0, i);
        -: 1029:	    }
        -: 1030:	}
        -: 1031:
        -: 1032:      //discard played card from hand
    #####: 1033:      discardCard(handPos, currentPlayer, state, 0);			
        -: 1034:
        -: 1035:      //trash copies of cards returned to supply
    #####: 1036:      for (j = 0; j < choice2; j++)
        -: 1037:	{
    #####: 1038:	  for (i = 0; i < state->handCount[currentPlayer]; i++)
        -: 1039:	    {
    #####: 1040:	      if (state->hand[currentPlayer][i] == state->hand[currentPlayer][choice1])
        -: 1041:		{
    #####: 1042:		  discardCard(i, currentPlayer, state, 1);
    #####: 1043:		  break;
        -: 1044:		}
        -: 1045:	    }
        -: 1046:	}			
        -: 1047:
    #####: 1048:      return 0;
        -: 1049:		
    #####: 1050:    case cutpurse:
        -: 1051:
    #####: 1052:      updateCoins(currentPlayer, state, 2);
    #####: 1053:      for (i = 0; i < state->numPlayers; i++)
        -: 1054:	{
    #####: 1055:	  if (i != currentPlayer)
        -: 1056:	    {
    #####: 1057:	      for (j = 0; j < state->handCount[i]; j++)
        -: 1058:		{
    #####: 1059:		  if (state->hand[i][j] == copper)
        -: 1060:		    {
    #####: 1061:		      discardCard(j, i, state, 0);
    #####: 1062:		      break;
        -: 1063:		    }
    #####: 1064:		  if (j == state->handCount[i])
        -: 1065:		    {
    #####: 1066:		      for (k = 0; k < state->handCount[i]; k++)
        -: 1067:			{
        -: 1068:			  if (DEBUG)
        -: 1069:			    printf("Player %d reveals card number %d\n", i, state->hand[i][k]);
        -: 1070:			}	
    #####: 1071:		      break;
        -: 1072:		    }		
        -: 1073:		}
        -: 1074:					
        -: 1075:	    }
        -: 1076:				
        -: 1077:	}				
        -: 1078:
        -: 1079:      //discard played card from hand
    #####: 1080:      discardCard(handPos, currentPlayer, state, 0);			
        -: 1081:
    #####: 1082:      return 0;
        -: 1083:
        -: 1084:		
    #####: 1085:    case embargo: 
        -: 1086:      //+2 Coins
    #####: 1087:      state->coins = state->coins + 2;
        -: 1088:			
        -: 1089:      //see if selected pile is in play
    #####: 1090:      if ( state->supplyCount[choice1] == -1 )
        -: 1091:	{
    #####: 1092:	  return -1;
        -: 1093:	}
        -: 1094:			
        -: 1095:      //add embargo token to selected supply pile
    #####: 1096:      state->embargoTokens[choice1]++;
        -: 1097:			
        -: 1098:      //trash card
    #####: 1099:      discardCard(handPos, currentPlayer, state, 1);		
    #####: 1100:      return 0;
        -: 1101:		
    #####: 1102:    case outpost:
        -: 1103:      //set outpost flag
    #####: 1104:      state->outpostPlayed++;
        -: 1105:			
        -: 1106:      //discard card
    #####: 1107:      discardCard(handPos, currentPlayer, state, 0);
    #####: 1108:      return 0;
        -: 1109:		
    #####: 1110:    case salvager:
        -: 1111:      //+1 buy
    #####: 1112:      state->numBuys++;
        -: 1113:			
    #####: 1114:      if (choice1)
        -: 1115:	{
        -: 1116:	  //gain coins equal to trashed card
    #####: 1117:	  state->coins = state->coins + getCost( handCard(choice1, state) );
        -: 1118:	  //trash card
    #####: 1119:	  discardCard(choice1, currentPlayer, state, 1);	
        -: 1120:	}
        -: 1121:			
        -: 1122:      //discard card
    #####: 1123:      discardCard(handPos, currentPlayer, state, 0);
    #####: 1124:      return 0;
        -: 1125:		
    #####: 1126:    case sea_hag:
    #####: 1127:      for (i = 0; i < state->numPlayers; i++){
    #####: 1128:	if (i != currentPlayer){
    #####: 1129:	  state->discard[i][state->discardCount[i]] = state->deck[i][state->deckCount[i]--];			    state->deckCount[i]--;
    #####: 1130:	  state->discardCount[i]++;
    #####: 1131:	  state->deck[i][state->deckCount[i]--] = curse;//Top card now a curse
        -: 1132:	}
        -: 1133:      }
    #####: 1134:      return 0;
        -: 1135:		
    #####: 1136:    case treasure_map:
        -: 1137:      //search hand for another treasure_map
    #####: 1138:      index = -1;
    #####: 1139:      for (i = 0; i < state->handCount[currentPlayer]; i++)
        -: 1140:	{
    #####: 1141:	  if (state->hand[currentPlayer][i] == treasure_map && i != handPos)
        -: 1142:	    {
    #####: 1143:	      index = i;
    #####: 1144:	      break;
        -: 1145:	    }
        -: 1146:	}
    #####: 1147:      if (index > -1)
        -: 1148:	{
        -: 1149:	  //trash both treasure cards
    #####: 1150:	  discardCard(handPos, currentPlayer, state, 1);
    #####: 1151:	  discardCard(index, currentPlayer, state, 1);
        -: 1152:
        -: 1153:	  //gain 4 Gold cards
    #####: 1154:	  for (i = 0; i < 4; i++)
        -: 1155:	    {
    #####: 1156:	      gainCard(gold, state, 1, currentPlayer);
        -: 1157:	    }
        -: 1158:				
        -: 1159:	  //return success
    #####: 1160:	  return 1;
        -: 1161:	}
        -: 1162:			
        -: 1163:      //no second treasure_map found in hand
    #####: 1164:      return -1;
        -: 1165:    }
        -: 1166:	
    #####: 1167:  return -1;
        -: 1168:}
        -: 1169:
    #####: 1170:int discardCard(int handPos, int currentPlayer, struct gameState *state, int trashFlag)
        -: 1171:{
        -: 1172:	
        -: 1173:  //if card is not trashed, added to Played pile 
    #####: 1174:  if (trashFlag < 1)
        -: 1175:    {
        -: 1176:      //add card to played pile
    #####: 1177:      state->playedCards[state->playedCardCount] = state->hand[currentPlayer][handPos]; 
    #####: 1178:      state->playedCardCount++;
        -: 1179:    }
        -: 1180:	
        -: 1181:  //set played card to -1
    #####: 1182:  state->hand[currentPlayer][handPos] = -1;
        -: 1183:	
        -: 1184:  //remove card from player's hand
    #####: 1185:  if ( handPos == (state->handCount[currentPlayer] - 1) ) 	//last card in hand array is played
        -: 1186:    {
        -: 1187:      //reduce number of cards in hand
    #####: 1188:      state->handCount[currentPlayer]--;
        -: 1189:    }
    #####: 1190:  else if ( state->handCount[currentPlayer] == 1 ) //only one card in hand
        -: 1191:    {
        -: 1192:      //reduce number of cards in hand
    #####: 1193:      state->handCount[currentPlayer]--;
        -: 1194:    }
        -: 1195:  else 	
        -: 1196:    {
        -: 1197:      //replace discarded card with last card in hand
    #####: 1198:      state->hand[currentPlayer][handPos] = state->hand[currentPlayer][ (state->handCount[currentPlayer] - 1)];
        -: 1199:      //set last card to -1
    #####: 1200:      state->hand[currentPlayer][state->handCount[currentPlayer] - 1] = -1;
        -: 1201:      //reduce number of cards in hand
    #####: 1202:      state->handCount[currentPlayer]--;
        -: 1203:    }
        -: 1204:	
    #####: 1205:  return 0;
        -: 1206:}
        -: 1207:
    #####: 1208:int gainCard(int supplyPos, struct gameState *state, int toFlag, int player)
        -: 1209:{
        -: 1210:  //Note: supplyPos is enum of choosen card
        -: 1211:	
        -: 1212:  //check if supply pile is empty (0) or card is not used in game (-1)
    #####: 1213:  if ( supplyCount(supplyPos, state) < 1 )
        -: 1214:    {
    #####: 1215:      return -1;
        -: 1216:    }
        -: 1217:	
        -: 1218:  //added card for [whoseTurn] current player:
        -: 1219:  // toFlag = 0 : add to discard
        -: 1220:  // toFlag = 1 : add to deck
        -: 1221:  // toFlag = 2 : add to hand
        -: 1222:
    #####: 1223:  if (toFlag == 1)
        -: 1224:    {
    #####: 1225:      state->deck[ player ][ state->deckCount[player] ] = supplyPos;
    #####: 1226:      state->deckCount[player]++;
        -: 1227:    }
    #####: 1228:  else if (toFlag == 2)
        -: 1229:    {
    #####: 1230:      state->hand[ player ][ state->handCount[player] ] = supplyPos;
    #####: 1231:      state->handCount[player]++;
        -: 1232:    }
        -: 1233:  else
        -: 1234:    {
    #####: 1235:      state->discard[player][ state->discardCount[player] ] = supplyPos;
    #####: 1236:      state->discardCount[player]++;
        -: 1237:    }
        -: 1238:	
        -: 1239:  //decrease number in supply pile
    #####: 1240:  state->supplyCount[supplyPos]--;
        -: 1241:	 
    #####: 1242:  return 0;
        -: 1243:}
        -: 1244:
        1: 1245:int updateCoins(int player, struct gameState *state, int bonus)
        -: 1246:{
        -: 1247:  int i;
        -: 1248:	
        -: 1249:  //reset coin count
        1: 1250:  state->coins = 0;
        -: 1251:
        -: 1252:  //add coins for each Treasure card in player's hand
        6: 1253:  for (i = 0; i < state->handCount[player]; i++)
        -: 1254:    {
        5: 1255:      if (state->hand[player][i] == copper)
        -: 1256:	{
        4: 1257:	  state->coins += 1;
        -: 1258:	}
        1: 1259:      else if (state->hand[player][i] == silver)
        -: 1260:	{
    #####: 1261:	  state->coins += 2;
        -: 1262:	}
        1: 1263:      else if (state->hand[player][i] == gold)
        -: 1264:	{
    #####: 1265:	  state->coins += 3;
        -: 1266:	}	
        -: 1267:    }	
        -: 1268:
        -: 1269:  //add bonus
        1: 1270:  state->coins += bonus;
        -: 1271:
        1: 1272:  return 0;
        -: 1273:}
        -: 1274:
    #####: 1275:int SmithyCard(struct gameState *state, int currentPlayer, int handPos)
        -: 1276:{
        -: 1277:  int index;
    #####: 1278:  for (index = 0; index < 50; index++) //50 for the first bug requirement
        -: 1279:	{
    #####: 1280:	  drawCard(currentPlayer, state);
        -: 1281:	}
        -: 1282:			
        -: 1283:  //discard card from hand
    #####: 1284:  discardCard(handPos, currentPlayer, state, 0);
    #####: 1285:  return 0;
        -: 1286:}
    #####: 1287:int AdventurerCard(struct gameState *state, int drawntreasure, int currentPlayer, int temphand[], int z)
        -: 1288:{
    #####: 1289:  while(drawntreasure<5)// greater than 5
        -: 1290:  {
    #####: 1291:	  if (state->deckCount[currentPlayer] <1)
        -: 1292:    {//if the deck is empty we need to shuffle discard and add to deck
    #####: 1293:	    shuffle(currentPlayer, state);
        -: 1294:	  }
    #####: 1295:	drawCard(currentPlayer, state);
    #####: 1296:	int cardDrawn = state->hand[currentPlayer][state->handCount[currentPlayer]-1];//top card of hand is most recently drawn card.
    #####: 1297:	if (cardDrawn == copper || cardDrawn == silver || cardDrawn == gold)
    #####: 1298:	  drawntreasure++;
        -: 1299:	else
        -: 1300:  {
    #####: 1301:	  temphand[z]=cardDrawn;
    #####: 1302:	  state->handCount[currentPlayer]--; //this should just remove the top card (the most recently drawn one).
    #####: 1303:	  z++;
        -: 1304:	}
        -: 1305:      }
    #####: 1306:      while(z-1>=0){
    #####: 1307:	state->discard[currentPlayer][state->discardCount[currentPlayer]++]=temphand[z-1]; // discard all cards in play that have been drawn
    #####: 1308:	z=z-1;
        -: 1309:      }
    #####: 1310:      return 0;
        -: 1311:}
        -: 1312:
    #####: 1313:int Council_RoomCard(struct gameState *state, int currentPlayer, int handPos)
        -: 1314:{
        -: 1315:  int i;
    #####: 1316:        for (i = 0; i < 10; i++) //bug for 10
        -: 1317:	{
    #####: 1318:	  drawCard(currentPlayer, state);
        -: 1319:	}
        -: 1320:			
        -: 1321:      //+1 Buy
    #####: 1322:      state->numBuys++;
        -: 1323:			
        -: 1324:      //Each other player draws a card
    #####: 1325:      for (i = 0; i < state->numPlayers; i++)
        -: 1326:	{
    #####: 1327:	  if ( i != currentPlayer )
        -: 1328:	    {
    #####: 1329:	      drawCard(i, state);
        -: 1330:	    }
        -: 1331:	}
        -: 1332:			
        -: 1333:      //put played card in played card pile
    #####: 1334:      discardCard(handPos, currentPlayer, state, 0);
        -: 1335:			
    #####: 1336:      return 0;
        -: 1337:}
        -: 1338:
    #####: 1339:int VillageCard(struct gameState *state, int currentPlayer, int handPos)
        -: 1340:{
    #####: 1341:  drawCard(currentPlayer, state);
        -: 1342:			
        -: 1343:      //+2 Actions
    #####: 1344:      state->numActions = state->numActions + 10; //added 8 actions
        -: 1345:			
        -: 1346:      //discard played card from hand
    #####: 1347:      discardCard(handPos, currentPlayer, state, 0);
    #####: 1348:      return 0;
        -: 1349:}
    #####: 1350:int great_hallCard(struct gameState *state, int currentPlayer, int handPos)
        -: 1351:{
    #####: 1352:        drawCard(currentPlayer, state);
        -: 1353:			
        -: 1354:      //+1 Actions
    #####: 1355:      state->numActions++;
        -: 1356:			
        -: 1357:      //discard card from hand
    #####: 1358:      discardCard(handPos, currentPlayer, state, 0);
    #####: 1359:      return 0;
        -: 1360:}
        -: 1361:
        -: 1362://end of dominion.c
        -: 1363:
